[2015-12-31 09:14:44] local.ERROR: exception 'InvalidArgumentException' with message 'View [layout] not found.' in D:\xampp\htdocs\chiroro\vendor\laravel\framework\src\Illuminate\View\FileViewFinder.php:140
Stack trace:
#0 D:\xampp\htdocs\chiroro\vendor\laravel\framework\src\Illuminate\View\FileViewFinder.php(77): Illuminate\View\FileViewFinder->findInPaths('layout', Array)
#1 D:\xampp\htdocs\chiroro\vendor\laravel\framework\src\Illuminate\View\Factory.php(145): Illuminate\View\FileViewFinder->find('layout')
#2 D:\xampp\htdocs\chiroro\storage\framework\views\7b7af7a3a19e1dec07ee8c5254c8deda(141): Illuminate\View\Factory->make('layout', Array)
#3 D:\xampp\htdocs\chiroro\vendor\laravel\framework\src\Illuminate\View\Engines\PhpEngine.php(39): include('D:\\xampp\\htdocs...')
#4 D:\xampp\htdocs\chiroro\vendor\laravel\framework\src\Illuminate\View\Engines\CompilerEngine.php(57): Illuminate\View\Engines\PhpEngine->evaluatePath('D:\\xampp\\htdocs...', Array)
#5 D:\xampp\htdocs\chiroro\vendor\laravel\framework\src\Illuminate\View\View.php(136): Illuminate\View\Engines\CompilerEngine->get('D:\\xampp\\htdocs...', Array)
#6 D:\xampp\htdocs\chiroro\vendor\laravel\framework\src\Illuminate\View\View.php(104): Illuminate\View\View->getContents()
#7 D:\xampp\htdocs\chiroro\vendor\laravel\framework\src\Illuminate\View\View.php(78): Illuminate\View\View->renderContents()
#8 D:\xampp\htdocs\chiroro\vendor\laravel\framework\src\Illuminate\Http\Response.php(44): Illuminate\View\View->render()
#9 D:\xampp\htdocs\chiroro\vendor\symfony\http-foundation\Symfony\Component\HttpFoundation\Response.php(202): Illuminate\Http\Response->setContent(Object(Illuminate\View\View))
#10 D:\xampp\htdocs\chiroro\vendor\laravel\framework\src\Illuminate\Routing\Router.php(1198): Symfony\Component\HttpFoundation\Response->__construct(Object(Illuminate\View\View))
#11 D:\xampp\htdocs\chiroro\vendor\laravel\framework\src\Illuminate\Routing\Router.php(702): Illuminate\Routing\Router->prepareResponse(Object(Illuminate\Http\Request), Object(Illuminate\View\View))
#12 [internal function]: Illuminate\Routing\Router->Illuminate\Routing\{closure}(Object(Illuminate\Http\Request))
#13 D:\xampp\htdocs\chiroro\vendor\laravel\framework\src\Illuminate\Pipeline\Pipeline.php(141): call_user_func(Object(Closure), Object(Illuminate\Http\Request))
#14 [internal function]: Illuminate\Pipeline\Pipeline->Illuminate\Pipeline\{closure}(Object(Illuminate\Http\Request))
#15 D:\xampp\htdocs\chiroro\vendor\laravel\framework\src\Illuminate\Pipeline\Pipeline.php(101): call_user_func(Object(Closure), Object(Illuminate\Http\Request))
#16 D:\xampp\htdocs\chiroro\vendor\laravel\framework\src\Illuminate\Routing\Router.php(703): Illuminate\Pipeline\Pipeline->then(Object(Closure))
#17 D:\xampp\htdocs\chiroro\vendor\laravel\framework\src\Illuminate\Routing\Router.php(670): Illuminate\Routing\Router->runRouteWithinStack(Object(Illuminate\Routing\Route), Object(Illuminate\Http\Request))
#18 D:\xampp\htdocs\chiroro\vendor\laravel\framework\src\Illuminate\Routing\Router.php(628): Illuminate\Routing\Router->dispatchToRoute(Object(Illuminate\Http\Request))
#19 D:\xampp\htdocs\chiroro\vendor\laravel\framework\src\Illuminate\Foundation\Http\Kernel.php(214): Illuminate\Routing\Router->dispatch(Object(Illuminate\Http\Request))
#20 [internal function]: Illuminate\Foundation\Http\Kernel->Illuminate\Foundation\Http\{closure}(Object(Illuminate\Http\Request))
#21 D:\xampp\htdocs\chiroro\vendor\laravel\framework\src\Illuminate\Pipeline\Pipeline.php(141): call_user_func(Object(Closure), Object(Illuminate\Http\Request))
#22 D:\xampp\htdocs\chiroro\vendor\laravel\framework\src\Illuminate\Foundation\Http\Middleware\VerifyCsrfToken.php(43): Illuminate\Pipeline\Pipeline->Illuminate\Pipeline\{closure}(Object(Illuminate\Http\Request))
#23 D:\xampp\htdocs\chiroro\app\Http\Middleware\VerifyCsrfToken.php(18): Illuminate\Foundation\Http\Middleware\VerifyCsrfToken->handle(Object(Illuminate\Http\Request), Object(Closure))
#24 D:\xampp\htdocs\chiroro\vendor\laravel\framework\src\Illuminate\Pipeline\Pipeline.php(125): App\Http\Middleware\VerifyCsrfToken->handle(Object(Illuminate\Http\Request), Object(Closure))
#25 D:\xampp\htdocs\chiroro\vendor\laravel\framework\src\Illuminate\View\Middleware\ShareErrorsFromSession.php(55): Illuminate\Pipeline\Pipeline->Illuminate\Pipeline\{closure}(Object(Illuminate\Http\Request))
#26 D:\xampp\htdocs\chiroro\vendor\laravel\framework\src\Illuminate\Pipeline\Pipeline.php(125): Illuminate\View\Middleware\ShareErrorsFromSession->handle(Object(Illuminate\Http\Request), Object(Closure))
#27 D:\xampp\htdocs\chiroro\vendor\laravel\framework\src\Illuminate\Session\Middleware\StartSession.php(61): Illuminate\Pipeline\Pipeline->Illuminate\Pipeline\{closure}(Object(Illuminate\Http\Request))
#28 D:\xampp\htdocs\chiroro\vendor\laravel\framework\src\Illuminate\Pipeline\Pipeline.php(125): Illuminate\Session\Middleware\StartSession->handle(Object(Illuminate\Http\Request), Object(Closure))
#29 D:\xampp\htdocs\chiroro\vendor\laravel\framework\src\Illuminate\Cookie\Middleware\AddQueuedCookiesToResponse.php(36): Illuminate\Pipeline\Pipeline->Illuminate\Pipeline\{closure}(Object(Illuminate\Http\Request))
#30 D:\xampp\htdocs\chiroro\vendor\laravel\framework\src\Illuminate\Pipeline\Pipeline.php(125): Illuminate\Cookie\Middleware\AddQueuedCookiesToResponse->handle(Object(Illuminate\Http\Request), Object(Closure))
#31 D:\xampp\htdocs\chiroro\vendor\laravel\framework\src\Illuminate\Cookie\Middleware\EncryptCookies.php(40): Illuminate\Pipeline\Pipeline->Illuminate\Pipeline\{closure}(Object(Illuminate\Http\Request))
#32 D:\xampp\htdocs\chiroro\vendor\laravel\framework\src\Illuminate\Pipeline\Pipeline.php(125): Illuminate\Cookie\Middleware\EncryptCookies->handle(Object(Illuminate\Http\Request), Object(Closure))
#33 D:\xampp\htdocs\chiroro\vendor\laravel\framework\src\Illuminate\Foundation\Http\Middleware\CheckForMaintenanceMode.php(42): Illuminate\Pipeline\Pipeline->Illuminate\Pipeline\{closure}(Object(Illuminate\Http\Request))
#34 D:\xampp\htdocs\chiroro\vendor\laravel\framework\src\Illuminate\Pipeline\Pipeline.php(125): Illuminate\Foundation\Http\Middleware\CheckForMaintenanceMode->handle(Object(Illuminate\Http\Request), Object(Closure))
#35 [internal function]: Illuminate\Pipeline\Pipeline->Illuminate\Pipeline\{closure}(Object(Illuminate\Http\Request))
#36 D:\xampp\htdocs\chiroro\vendor\laravel\framework\src\Illuminate\Pipeline\Pipeline.php(101): call_user_func(Object(Closure), Object(Illuminate\Http\Request))
#37 D:\xampp\htdocs\chiroro\vendor\laravel\framework\src\Illuminate\Foundation\Http\Kernel.php(115): Illuminate\Pipeline\Pipeline->then(Object(Closure))
#38 D:\xampp\htdocs\chiroro\vendor\laravel\framework\src\Illuminate\Foundation\Http\Kernel.php(84): Illuminate\Foundation\Http\Kernel->sendRequestThroughRouter(Object(Illuminate\Http\Request))
#39 D:\xampp\htdocs\chiroro\public\index.php(53): Illuminate\Foundation\Http\Kernel->handle(Object(Illuminate\Http\Request))
#40 {main}

Next exception 'ErrorException' with message 'View [layout] not found. (View: D:\xampp\htdocs\chiroro\resources\views\admin\users\list.blade.php)' in D:\xampp\htdocs\chiroro\vendor\laravel\framework\src\Illuminate\View\FileViewFinder.php:140
Stack trace:
#0 D:\xampp\htdocs\chiroro\vendor\laravel\framework\src\Illuminate\View\Engines\PhpEngine.php(43): Illuminate\View\Engines\CompilerEngine->handleViewException(Object(InvalidArgumentException), 1)
#1 D:\xampp\htdocs\chiroro\vendor\laravel\framework\src\Illuminate\View\Engines\CompilerEngine.php(57): Illuminate\View\Engines\PhpEngine->evaluatePath('D:\\xampp\\htdocs...', Array)
#2 D:\xampp\htdocs\chiroro\vendor\laravel\framework\src\Illuminate\View\View.php(136): Illuminate\View\Engines\CompilerEngine->get('D:\\xampp\\htdocs...', Array)
#3 D:\xampp\htdocs\chiroro\vendor\laravel\framework\src\Illuminate\View\View.php(104): Illuminate\View\View->getContents()
#4 D:\xampp\htdocs\chiroro\vendor\laravel\framework\src\Illuminate\View\View.php(78): Illuminate\View\View->renderContents()
#5 D:\xampp\htdocs\chiroro\vendor\laravel\framework\src\Illuminate\Http\Response.php(44): Illuminate\View\View->render()
#6 D:\xampp\htdocs\chiroro\vendor\symfony\http-foundation\Symfony\Component\HttpFoundation\Response.php(202): Illuminate\Http\Response->setContent(Object(Illuminate\View\View))
#7 D:\xampp\htdocs\chiroro\vendor\laravel\framework\src\Illuminate\Routing\Router.php(1198): Symfony\Component\HttpFoundation\Response->__construct(Object(Illuminate\View\View))
#8 D:\xampp\htdocs\chiroro\vendor\laravel\framework\src\Illuminate\Routing\Router.php(702): Illuminate\Routing\Router->prepareResponse(Object(Illuminate\Http\Request), Object(Illuminate\View\View))
#9 [internal function]: Illuminate\Routing\Router->Illuminate\Routing\{closure}(Object(Illuminate\Http\Request))
#10 D:\xampp\htdocs\chiroro\vendor\laravel\framework\src\Illuminate\Pipeline\Pipeline.php(141): call_user_func(Object(Closure), Object(Illuminate\Http\Request))
#11 [internal function]: Illuminate\Pipeline\Pipeline->Illuminate\Pipeline\{closure}(Object(Illuminate\Http\Request))
#12 D:\xampp\htdocs\chiroro\vendor\laravel\framework\src\Illuminate\Pipeline\Pipeline.php(101): call_user_func(Object(Closure), Object(Illuminate\Http\Request))
#13 D:\xampp\htdocs\chiroro\vendor\laravel\framework\src\Illuminate\Routing\Router.php(703): Illuminate\Pipeline\Pipeline->then(Object(Closure))
#14 D:\xampp\htdocs\chiroro\vendor\laravel\framework\src\Illuminate\Routing\Router.php(670): Illuminate\Routing\Router->runRouteWithinStack(Object(Illuminate\Routing\Route), Object(Illuminate\Http\Request))
#15 D:\xampp\htdocs\chiroro\vendor\laravel\framework\src\Illuminate\Routing\Router.php(628): Illuminate\Routing\Router->dispatchToRoute(Object(Illuminate\Http\Request))
#16 D:\xampp\htdocs\chiroro\vendor\laravel\framework\src\Illuminate\Foundation\Http\Kernel.php(214): Illuminate\Routing\Router->dispatch(Object(Illuminate\Http\Request))
#17 [internal function]: Illuminate\Foundation\Http\Kernel->Illuminate\Foundation\Http\{closure}(Object(Illuminate\Http\Request))
#18 D:\xampp\htdocs\chiroro\vendor\laravel\framework\src\Illuminate\Pipeline\Pipeline.php(141): call_user_func(Object(Closure), Object(Illuminate\Http\Request))
#19 D:\xampp\htdocs\chiroro\vendor\laravel\framework\src\Illuminate\Foundation\Http\Middleware\VerifyCsrfToken.php(43): Illuminate\Pipeline\Pipeline->Illuminate\Pipeline\{closure}(Object(Illuminate\Http\Request))
#20 D:\xampp\htdocs\chiroro\app\Http\Middleware\VerifyCsrfToken.php(18): Illuminate\Foundation\Http\Middleware\VerifyCsrfToken->handle(Object(Illuminate\Http\Request), Object(Closure))
#21 D:\xampp\htdocs\chiroro\vendor\laravel\framework\src\Illuminate\Pipeline\Pipeline.php(125): App\Http\Middleware\VerifyCsrfToken->handle(Object(Illuminate\Http\Request), Object(Closure))
#22 D:\xampp\htdocs\chiroro\vendor\laravel\framework\src\Illuminate\View\Middleware\ShareErrorsFromSession.php(55): Illuminate\Pipeline\Pipeline->Illuminate\Pipeline\{closure}(Object(Illuminate\Http\Request))
#23 D:\xampp\htdocs\chiroro\vendor\laravel\framework\src\Illuminate\Pipeline\Pipeline.php(125): Illuminate\View\Middleware\ShareErrorsFromSession->handle(Object(Illuminate\Http\Request), Object(Closure))
#24 D:\xampp\htdocs\chiroro\vendor\laravel\framework\src\Illuminate\Session\Middleware\StartSession.php(61): Illuminate\Pipeline\Pipeline->Illuminate\Pipeline\{closure}(Object(Illuminate\Http\Request))
#25 D:\xampp\htdocs\chiroro\vendor\laravel\framework\src\Illuminate\Pipeline\Pipeline.php(125): Illuminate\Session\Middleware\StartSession->handle(Object(Illuminate\Http\Request), Object(Closure))
#26 D:\xampp\htdocs\chiroro\vendor\laravel\framework\src\Illuminate\Cookie\Middleware\AddQueuedCookiesToResponse.php(36): Illuminate\Pipeline\Pipeline->Illuminate\Pipeline\{closure}(Object(Illuminate\Http\Request))
#27 D:\xampp\htdocs\chiroro\vendor\laravel\framework\src\Illuminate\Pipeline\Pipeline.php(125): Illuminate\Cookie\Middleware\AddQueuedCookiesToResponse->handle(Object(Illuminate\Http\Request), Object(Closure))
#28 D:\xampp\htdocs\chiroro\vendor\laravel\framework\src\Illuminate\Cookie\Middleware\EncryptCookies.php(40): Illuminate\Pipeline\Pipeline->Illuminate\Pipeline\{closure}(Object(Illuminate\Http\Request))
#29 D:\xampp\htdocs\chiroro\vendor\laravel\framework\src\Illuminate\Pipeline\Pipeline.php(125): Illuminate\Cookie\Middleware\EncryptCookies->handle(Object(Illuminate\Http\Request), Object(Closure))
#30 D:\xampp\htdocs\chiroro\vendor\laravel\framework\src\Illuminate\Foundation\Http\Middleware\CheckForMaintenanceMode.php(42): Illuminate\Pipeline\Pipeline->Illuminate\Pipeline\{closure}(Object(Illuminate\Http\Request))
#31 D:\xampp\htdocs\chiroro\vendor\laravel\framework\src\Illuminate\Pipeline\Pipeline.php(125): Illuminate\Foundation\Http\Middleware\CheckForMaintenanceMode->handle(Object(Illuminate\Http\Request), Object(Closure))
#32 [internal function]: Illuminate\Pipeline\Pipeline->Illuminate\Pipeline\{closure}(Object(Illuminate\Http\Request))
#33 D:\xampp\htdocs\chiroro\vendor\laravel\framework\src\Illuminate\Pipeline\Pipeline.php(101): call_user_func(Object(Closure), Object(Illuminate\Http\Request))
#34 D:\xampp\htdocs\chiroro\vendor\laravel\framework\src\Illuminate\Foundation\Http\Kernel.php(115): Illuminate\Pipeline\Pipeline->then(Object(Closure))
#35 D:\xampp\htdocs\chiroro\vendor\laravel\framework\src\Illuminate\Foundation\Http\Kernel.php(84): Illuminate\Foundation\Http\Kernel->sendRequestThroughRouter(Object(Illuminate\Http\Request))
#36 D:\xampp\htdocs\chiroro\public\index.php(53): Illuminate\Foundation\Http\Kernel->handle(Object(Illuminate\Http\Request))
#37 {main}  
