[2016-01-17 11:26:13] local.ERROR: exception 'Symfony\Component\Debug\Exception\FatalErrorException' with message 'syntax error, unexpected '/'' in D:\xampp\htdocs\chiroro\storage\framework\views\69795e58926ce966ac053de491c30b27:143
Stack trace:
#0 {main}  
[2016-01-17 11:35:13] local.ERROR: exception 'Symfony\Component\Debug\Exception\FatalErrorException' with message 'syntax error, unexpected '/'' in D:\xampp\htdocs\chiroro\storage\framework\views\69795e58926ce966ac053de491c30b27:143
Stack trace:
#0 {main}  
[2016-01-17 11:35:18] local.ERROR: exception 'Symfony\Component\Debug\Exception\FatalErrorException' with message 'syntax error, unexpected '/'' in D:\xampp\htdocs\chiroro\storage\framework\views\69795e58926ce966ac053de491c30b27:143
Stack trace:
#0 {main}  
[2016-01-17 11:35:20] local.ERROR: exception 'Symfony\Component\Debug\Exception\FatalErrorException' with message 'syntax error, unexpected '/'' in D:\xampp\htdocs\chiroro\storage\framework\views\69795e58926ce966ac053de491c30b27:143
Stack trace:
#0 {main}  
[2016-01-17 11:36:01] local.ERROR: exception 'Symfony\Component\Debug\Exception\FatalErrorException' with message 'syntax error, unexpected '/'' in D:\xampp\htdocs\chiroro\storage\framework\views\69795e58926ce966ac053de491c30b27:143
Stack trace:
#0 {main}  
[2016-01-17 11:36:07] local.ERROR: exception 'Symfony\Component\Debug\Exception\FatalErrorException' with message 'syntax error, unexpected '/'' in D:\xampp\htdocs\chiroro\storage\framework\views\69795e58926ce966ac053de491c30b27:143
Stack trace:
#0 {main}  
[2016-01-17 22:02:03] local.ERROR: exception 'Symfony\Component\Debug\Exception\FatalErrorException' with message 'syntax error, unexpected ';'' in D:\xampp\htdocs\chiroro\storage\framework\views\e1eac9446591a1856b7cbd6e1aa42017:99
Stack trace:
#0 {main}  
[2016-01-17 22:02:22] local.ERROR: exception 'Symfony\Component\Debug\Exception\FatalErrorException' with message 'syntax error, unexpected '?>'' in D:\xampp\htdocs\chiroro\storage\framework\views\e1eac9446591a1856b7cbd6e1aa42017:99
Stack trace:
#0 {main}  
